2019-09-29 09:36:34,161 [main] INFO  [o.s.c.a.AnnotationConfigApplicationContext] Jdk14Logger.java:87 - Refreshing org.springframework.context.annotation.AnnotationConfigApplicationContext@383dc82c: startup date [Sun Sep 29 09:36:34 CST 2019]; root of context hierarchy
2019-09-29 09:36:34,603 [main] INFO  [o.s.c.s.PostProcessorRegistrationDelegate$BeanPostProcessorChecker] Jdk14Logger.java:87 - Bean 'configurationPropertiesRebinderAutoConfiguration' of type [org.springframework.cloud.autoconfigure.ConfigurationPropertiesRebinderAutoConfiguration$$EnhancerBySpringCGLIB$$9ddc3752] is not eligible for getting processed by all BeanPostProcessors (for example: not eligible for auto-proxying)
2019-09-29 09:36:35,800 [main] INFO  [CreditDataModelApplicationTests] Jdk14Logger.java:87 - The following profiles are active: dev
2019-09-29 09:36:35,807 [main] INFO  [o.s.w.context.support.GenericWebApplicationContext] Jdk14Logger.java:87 - Refreshing org.springframework.web.context.support.GenericWebApplicationContext@7fe7c640: startup date [Sun Sep 29 09:36:35 CST 2019]; parent: org.springframework.context.annotation.AnnotationConfigApplicationContext@383dc82c
2019-09-29 09:36:37,553 [main] INFO  [o.s.b.factory.support.DefaultListableBeanFactory] Jdk14Logger.java:87 - Overriding bean definition for bean 'tokenArgumentResolver' with a different definition: replacing [Generic bean: class [TokenArgumentResolver]; scope=singleton; abstract=false; lazyInit=false; autowireMode=0; dependencyCheck=0; autowireCandidate=true; primary=false; factoryBeanName=null; factoryMethodName=null; initMethodName=null; destroyMethodName=null; defined in file [C:\Users\dd\Desktop\天启建模\trunck\apocal\apocal-model\target\classes\com\jd\credit\bean\resolver\TokenArgumentResolver.class]] with [Root bean: class [null]; scope=; abstract=false; lazyInit=false; autowireMode=3; dependencyCheck=0; autowireCandidate=true; primary=false; factoryBeanName=webMvcConfig; factoryMethodName=tokenArgumentResolver; initMethodName=null; destroyMethodName=(inferred); defined in class path resource [com/jd/credit/bean/config/WebMvcConfig.class]]
2019-09-29 09:36:37,989 [main] WARN  [org.mybatis.spring.mapper.ClassPathMapperScanner] Logger.java:44 - No MyBatis mapper was found in '[com.jd.credit]' package. Please check your configuration.
2019-09-29 09:36:38,549 [main] INFO  [o.s.b.factory.support.DefaultListableBeanFactory] Jdk14Logger.java:87 - Overriding bean definition for bean 'dataSource' with a different definition: replacing [Root bean: class [null]; scope=refresh; abstract=false; lazyInit=false; autowireMode=3; dependencyCheck=0; autowireCandidate=false; primary=false; factoryBeanName=org.springframework.boot.autoconfigure.jdbc.DataSourceConfiguration$Hikari; factoryMethodName=dataSource; initMethodName=null; destroyMethodName=(inferred); defined in class path resource [org/springframework/boot/autoconfigure/jdbc/DataSourceConfiguration$Hikari.class]] with [Root bean: class [org.springframework.aop.scope.ScopedProxyFactoryBean]; scope=; abstract=false; lazyInit=false; autowireMode=0; dependencyCheck=0; autowireCandidate=true; primary=false; factoryBeanName=null; factoryMethodName=null; initMethodName=null; destroyMethodName=null; defined in BeanDefinition defined in class path resource [org/springframework/boot/autoconfigure/jdbc/DataSourceConfiguration$Hikari.class]]
2019-09-29 09:36:38,802 [main] INFO  [o.springframework.cloud.context.scope.GenericScope] Jdk14Logger.java:87 - BeanFactory id=2a70b479-26d4-317f-97bc-f6a3b26690cd
2019-09-29 09:36:39,321 [main] INFO  [o.s.c.s.PostProcessorRegistrationDelegate$BeanPostProcessorChecker] Jdk14Logger.java:87 - Bean 'org.springframework.transaction.annotation.ProxyTransactionManagementConfiguration' of type [org.springframework.transaction.annotation.ProxyTransactionManagementConfiguration$$EnhancerBySpringCGLIB$$81c23455] is not eligible for getting processed by all BeanPostProcessors (for example: not eligible for auto-proxying)
2019-09-29 09:36:39,637 [main] INFO  [o.s.c.s.PostProcessorRegistrationDelegate$BeanPostProcessorChecker] Jdk14Logger.java:87 - Bean 'org.springframework.cloud.autoconfigure.ConfigurationPropertiesRebinderAutoConfiguration' of type [org.springframework.cloud.autoconfigure.ConfigurationPropertiesRebinderAutoConfiguration$$EnhancerBySpringCGLIB$$9ddc3752] is not eligible for getting processed by all BeanPostProcessors (for example: not eligible for auto-proxying)
2019-09-29 09:36:39,750 [main] INFO  [o.s.c.a.AnnotationConfigApplicationContext] Jdk14Logger.java:87 - Refreshing FeignContext-portal-service: startup date [Sun Sep 29 09:36:39 CST 2019]; parent: org.springframework.web.context.support.GenericWebApplicationContext@7fe7c640
2019-09-29 09:36:40,844 [main] WARN  [com.netflix.config.sources.URLConfigurationSource] URLConfigurationSource.java:121 - No URLs will be polled as dynamic configuration sources.
2019-09-29 09:36:40,845 [main] INFO  [com.netflix.config.sources.URLConfigurationSource] URLConfigurationSource.java:122 - To enable URLs as dynamic configuration sources, define System property archaius.configurationSource.additionalUrls or make config.properties available on classpath.
2019-09-29 09:36:40,885 [main] INFO  [com.netflix.config.DynamicPropertyFactory] DynamicPropertyFactory.java:281 - DynamicPropertyFactory is initialized with configuration sources: com.netflix.config.ConcurrentCompositeConfiguration@4b41587d
2019-09-29 09:36:41,143 [main] INFO  [com.zaxxer.hikari.HikariDataSource] HikariDataSource.java:110 - HikariPool-1 - Starting...
2019-09-29 09:36:41,610 [main] INFO  [com.zaxxer.hikari.HikariDataSource] HikariDataSource.java:123 - HikariPool-1 - Start completed.
2019-09-29 09:36:43,543 [main] INFO  [o.s.w.s.m.m.a.RequestMappingHandlerMapping] Jdk14Logger.java:87 - Mapped "{[/dataSet/add.json]}" onto public com.jd.common.utils.RestServiceResult<java.lang.Boolean> DataSetController.add(com.jd.common.vo.UserVO,org.springframework.web.multipart.MultipartFile) throws java.io.IOException
2019-09-29 09:36:43,545 [main] INFO  [o.s.w.s.m.m.a.RequestMappingHandlerMapping] Jdk14Logger.java:87 - Mapped "{[/dataSet/delete.json]}" onto public com.jd.common.utils.RestServiceResult<java.lang.Boolean> DataSetController.delete(java.lang.String) throws java.io.IOException
2019-09-29 09:36:43,547 [main] INFO  [o.s.w.s.m.m.a.RequestMappingHandlerMapping] Jdk14Logger.java:87 - Mapped "{[/dataSet/getDataSetsList.json]}" onto public com.baomidou.mybatisplus.extension.plugins.pagination.Page<DataSet> DataSetController.getDataSetsList(com.baomidou.mybatisplus.extension.plugins.pagination.Page,DataSet)
2019-09-29 09:36:43,555 [main] INFO  [o.s.w.s.m.m.a.RequestMappingHandlerMapping] Jdk14Logger.java:87 - Mapped "{[/experiments/index.json]}" onto public com.jd.common.utils.RestServiceResult<java.util.List<com.jd.common.vo.DictDetailVO>> ExperimentController.index(java.lang.String)
2019-09-29 09:36:43,556 [main] INFO  [o.s.w.s.m.m.a.RequestMappingHandlerMapping] Jdk14Logger.java:87 - Mapped "{[/experiments/del.json]}" onto public com.jd.common.utils.RestServiceResult<java.lang.Boolean> ExperimentController.delete(java.lang.String) throws java.io.IOException
2019-09-29 09:36:43,558 [main] INFO  [o.s.w.s.m.m.a.RequestMappingHandlerMapping] Jdk14Logger.java:87 - Mapped "{[/experiments/exports.json]}" onto public com.jd.common.utils.RestServiceResult<java.lang.Boolean> ExperimentController.exports(com.jd.common.vo.UserVO,java.lang.String)
2019-09-29 09:36:43,559 [main] INFO  [o.s.w.s.m.m.a.RequestMappingHandlerMapping] Jdk14Logger.java:87 - Mapped "{[/experiments/detail.json]}" onto public com.jd.common.utils.RestServiceResult<Experiment> ExperimentController.detail(java.lang.String)
2019-09-29 09:36:43,561 [main] INFO  [o.s.w.s.m.m.a.RequestMappingHandlerMapping] Jdk14Logger.java:87 - Mapped "{[/experiments/getExperimentList.json]}" onto public com.jd.common.utils.RestServiceResult<java.util.List<Experiment>> ExperimentController.getExperimentList(com.jd.common.vo.PageVO)
2019-09-29 09:36:43,562 [main] INFO  [o.s.w.s.m.m.a.RequestMappingHandlerMapping] Jdk14Logger.java:87 - Mapped "{[/experiments/getExperimentYaml.json]}" onto public com.jd.common.utils.RestServiceResult<java.util.List<java.lang.String>> ExperimentController.getExperimentYaml(java.lang.String) throws java.lang.Throwable
2019-09-29 09:36:43,563 [main] INFO  [o.s.w.s.m.m.a.RequestMappingHandlerMapping] Jdk14Logger.java:87 - Mapped "{[/experiments/runExperiment.json]}" onto public com.jd.common.utils.RestServiceResult<java.lang.Boolean> ExperimentController.runExperiment(java.lang.String)
2019-09-29 09:36:43,564 [main] INFO  [o.s.w.s.m.m.a.RequestMappingHandlerMapping] Jdk14Logger.java:87 - Mapped "{[/experiments/performance.json]}" onto public com.jd.common.utils.RestServiceResult<java.util.Map<java.lang.String, java.lang.Object>> ExperimentController.performance(java.lang.String)
2019-09-29 09:36:43,565 [main] INFO  [o.s.w.s.m.m.a.RequestMappingHandlerMapping] Jdk14Logger.java:87 - Mapped "{[/experiments/addExperiment.json]}" onto public com.jd.common.utils.RestServiceResult<java.lang.Boolean> ExperimentController.addExperiment(com.jd.common.vo.UserVO,Experiment,java.lang.String)
2019-09-29 09:36:43,569 [main] INFO  [o.s.w.s.m.m.a.RequestMappingHandlerMapping] Jdk14Logger.java:87 - Mapped "{[/expGroups/index.json]}" onto public com.jd.common.utils.RestServiceResult<java.util.List<Experiment>> ExpGroupController.index(java.lang.String,java.lang.String)
2019-09-29 09:36:43,570 [main] INFO  [o.s.w.s.m.m.a.RequestMappingHandlerMapping] Jdk14Logger.java:87 - Mapped "{[/expGroups/add.json]}" onto public com.jd.common.utils.RestServiceResult<java.lang.Boolean> ExpGroupController.add(com.jd.common.vo.UserVO,ExpGroup,java.lang.String)
2019-09-29 09:36:43,571 [main] INFO  [o.s.w.s.m.m.a.RequestMappingHandlerMapping] Jdk14Logger.java:87 - Mapped "{[/expGroups/update.json]}" onto public com.jd.common.utils.RestServiceResult<java.lang.Boolean> ExpGroupController.update(ExpGroup,java.lang.String)
2019-09-29 09:36:43,572 [main] INFO  [o.s.w.s.m.m.a.RequestMappingHandlerMapping] Jdk14Logger.java:87 - Mapped "{[/expGroups/delete.json]}" onto public com.jd.common.utils.RestServiceResult<java.lang.Boolean> ExpGroupController.delete(java.lang.String) throws java.io.IOException
2019-09-29 09:36:43,573 [main] INFO  [o.s.w.s.m.m.a.RequestMappingHandlerMapping] Jdk14Logger.java:87 - Mapped "{[/expGroups/getExpGroupsList.json]}" onto public com.jd.common.utils.RestServiceResult<java.util.List<ExpGroup>> ExpGroupController.getExpGroupsList(com.jd.common.vo.PageVO)
2019-09-29 09:36:43,575 [main] INFO  [o.s.w.s.m.m.a.RequestMappingHandlerMapping] Jdk14Logger.java:87 - Mapped "{[/expGroups/getDetail.json]}" onto public com.jd.common.utils.RestServiceResult<ExpGroup> ExpGroupController.getDetail(java.lang.String)
2019-09-29 09:36:43,576 [main] INFO  [o.s.w.s.m.m.a.RequestMappingHandlerMapping] Jdk14Logger.java:87 - Mapped "{[/expGroups/getExpGroupStatistics.json]}" onto public com.jd.common.utils.RestServiceResult<java.util.Map<java.lang.String, java.lang.Integer>> ExpGroupController.getExpStatistics(java.lang.String)
2019-09-29 09:36:43,578 [main] INFO  [o.s.w.s.m.m.a.RequestMappingHandlerMapping] Jdk14Logger.java:87 - Mapped "{[/expGroups/getExGroupYaml.json]}" onto public com.jd.common.utils.RestServiceResult<java.util.List<java.lang.String>> ExpGroupController.getExGroupYaml(java.lang.String) throws java.io.IOException
2019-09-29 09:36:43,579 [main] INFO  [o.s.w.s.m.m.a.RequestMappingHandlerMapping] Jdk14Logger.java:87 - Mapped "{[/images/getLogs.json]}" onto public com.jd.common.utils.RestServiceResult<java.lang.String> ImageController.getLogs(java.lang.String)
2019-09-29 09:36:43,580 [main] INFO  [o.s.w.s.m.m.a.RequestMappingHandlerMapping] Jdk14Logger.java:87 - Mapped "{[/images/getImagesList.json]}" onto public com.jd.common.utils.RestServiceResult<java.util.List<Image>> ImageController.getProjectsList(com.jd.common.vo.PageVO)
2019-09-29 09:36:43,581 [main] INFO  [o.s.w.s.m.m.a.RequestMappingHandlerMapping] Jdk14Logger.java:87 - Mapped "{[/images/del.json]}" onto public com.jd.common.utils.RestServiceResult<java.lang.Boolean> ImageController.del(java.lang.String)
2019-09-29 09:36:43,584 [main] INFO  [o.s.w.s.m.m.a.RequestMappingHandlerMapping] Jdk14Logger.java:87 - Mapped "{[/modelApplication/add.json]}" onto public com.jd.common.utils.RestServiceResult<java.lang.String> ModelApplicationController.add(com.jd.common.vo.UserVO,ModelApplication)
2019-09-29 09:36:43,585 [main] INFO  [o.s.w.s.m.m.a.RequestMappingHandlerMapping] Jdk14Logger.java:87 - Mapped "{[/modelApplication/delete.json]}" onto public com.jd.common.utils.RestServiceResult<java.lang.String> ModelApplicationController.delete(java.lang.String)
2019-09-29 09:36:43,587 [main] INFO  [o.s.w.s.m.m.a.RequestMappingHandlerMapping] Jdk14Logger.java:87 - Mapped "{[/modelApplication/test.json]}" onto public com.jd.common.utils.RestServiceResult<java.lang.String> ModelApplicationController.test(java.lang.String,java.lang.String) throws java.lang.Exception
2019-09-29 09:36:43,588 [main] INFO  [o.s.w.s.m.m.a.RequestMappingHandlerMapping] Jdk14Logger.java:87 - Mapped "{[/modelApplication/pause.json]}" onto public com.jd.common.utils.RestServiceResult<java.lang.String> ModelApplicationController.pause(java.lang.String)
2019-09-29 09:36:43,589 [main] INFO  [o.s.w.s.m.m.a.RequestMappingHandlerMapping] Jdk14Logger.java:87 - Mapped "{[/modelApplication/resource.json]}" onto public com.jd.common.utils.RestServiceResult<java.util.Map<java.lang.String, java.lang.Object>> ModelApplicationController.resource(java.lang.String)
2019-09-29 09:36:43,590 [main] INFO  [o.s.w.s.m.m.a.RequestMappingHandlerMapping] Jdk14Logger.java:87 - Mapped "{[/modelApplication/detail.json]}" onto public com.jd.common.utils.RestServiceResult<ModelApplication> ModelApplicationController.detail(java.lang.String)
2019-09-29 09:36:43,591 [main] INFO  [o.s.w.s.m.m.a.RequestMappingHandlerMapping] Jdk14Logger.java:87 - Mapped "{[/modelApplication/getListByConditionForPage.json]}" onto public com.jd.common.utils.RestServiceResult<com.baomidou.mybatisplus.extension.plugins.pagination.Page<ModelApplication>> ModelApplicationController.getListByCondition(com.jd.common.vo.UserVO,com.jd.common.vo.PageVO)
2019-09-29 09:36:43,592 [main] INFO  [o.s.w.s.m.m.a.RequestMappingHandlerMapping] Jdk14Logger.java:87 - Mapped "{[/modelApplication/getPodStatus.json]}" onto public com.jd.common.utils.RestServiceResult<java.lang.String> ModelApplicationController.getPodStatus(int)
2019-09-29 09:36:43,593 [main] INFO  [o.s.w.s.m.m.a.RequestMappingHandlerMapping] Jdk14Logger.java:87 - Mapped "{[/modelApplication/auth.json]}" onto public com.jd.common.utils.RestServiceResult<java.lang.String> ModelApplicationController.auth(java.lang.String,java.lang.String)
2019-09-29 09:36:43,594 [main] INFO  [o.s.w.s.m.m.a.RequestMappingHandlerMapping] Jdk14Logger.java:87 - Mapped "{[/modelApplication/getServiceUrl.json]}" onto public com.jd.common.utils.RestServiceResult<java.lang.String> ModelApplicationController.getServiceUrl(java.lang.String)
2019-09-29 09:36:43,595 [main] INFO  [o.s.w.s.m.m.a.RequestMappingHandlerMapping] Jdk14Logger.java:87 - Mapped "{[/modelApplication/reDeploy.json]}" onto public com.jd.common.utils.RestServiceResult<java.lang.String> ModelApplicationController.reDeploy(java.lang.String)
2019-09-29 09:36:43,596 [main] INFO  [o.s.w.s.m.m.a.RequestMappingHandlerMapping] Jdk14Logger.java:87 - Mapped "{[/modelApplication/getServiceLog.json]}" onto public com.jd.common.utils.RestServiceResult<java.lang.Object> ModelApplicationController.getServiceLog(java.lang.String)
2019-09-29 09:36:43,597 [main] INFO  [o.s.w.s.m.m.a.RequestMappingHandlerMapping] Jdk14Logger.java:87 - Mapped "{[/modelCenter/add.json]}" onto public com.jd.common.utils.RestServiceResult<java.lang.String> ModelCenterController.add(com.jd.common.vo.UserVO,org.springframework.web.multipart.commons.CommonsMultipartFile) throws java.lang.Exception
2019-09-29 09:36:43,597 [main] INFO  [o.s.w.s.m.m.a.RequestMappingHandlerMapping] Jdk14Logger.java:87 - Mapped "{[/modelCenter/update.json]}" onto public com.jd.common.utils.RestServiceResult<java.lang.String> ModelCenterController.update(Model)
2019-09-29 09:36:43,598 [main] INFO  [o.s.w.s.m.m.a.RequestMappingHandlerMapping] Jdk14Logger.java:87 - Mapped "{[/modelCenter/detail.json]}" onto public com.jd.common.utils.RestServiceResult<Model> ModelCenterController.detail(java.lang.String) throws java.io.IOException
2019-09-29 09:36:43,599 [main] INFO  [o.s.w.s.m.m.a.RequestMappingHandlerMapping] Jdk14Logger.java:87 - Mapped "{[/modelCenter/getListByConditionForPage.json]}" onto public com.jd.common.utils.RestServiceResult<com.baomidou.mybatisplus.extension.plugins.pagination.Page<Model>> ModelCenterController.getListByCondition(com.jd.common.vo.UserVO,com.jd.common.vo.PageVO)
2019-09-29 09:36:43,599 [main] INFO  [o.s.w.s.m.m.a.RequestMappingHandlerMapping] Jdk14Logger.java:87 - Mapped "{[/modelCenter/getIORelationGraphics.json]}" onto public com.jd.common.utils.RestServiceResult<java.util.Map<java.lang.String, IO>> ModelCenterController.getIORelationGraphics(java.lang.String)
2019-09-29 09:36:43,600 [main] INFO  [o.s.w.s.m.m.a.RequestMappingHandlerMapping] Jdk14Logger.java:87 - Mapped "{[/modelCenter/performance.json]}" onto public com.jd.common.utils.RestServiceResult<java.util.Map<java.lang.String, java.lang.Object>> ModelCenterController.performance(java.lang.String)
2019-09-29 09:36:43,601 [main] INFO  [o.s.w.s.m.m.a.RequestMappingHandlerMapping] Jdk14Logger.java:87 - Mapped "{[/modelCenter/del.json]}" onto public com.jd.common.utils.RestServiceResult<java.lang.String> ModelCenterController.del(java.lang.String)
2019-09-29 09:36:43,602 [main] INFO  [o.s.w.s.m.m.a.RequestMappingHandlerMapping] Jdk14Logger.java:87 - Mapped "{[/modelCenter/auth.json]}" onto public com.jd.common.utils.RestServiceResult<java.lang.String> ModelCenterController.auth(java.lang.String,java.lang.String)
2019-09-29 09:36:43,602 [main] INFO  [o.s.w.s.m.m.a.RequestMappingHandlerMapping] Jdk14Logger.java:87 - Mapped "{[/modelCenter/getModelDoc.json]}" onto public void ModelCenterController.getModelDoc(java.lang.String,javax.servlet.http.HttpServletResponse)
2019-09-29 09:36:43,603 [main] INFO  [o.s.w.s.m.m.a.RequestMappingHandlerMapping] Jdk14Logger.java:87 - Mapped "{[/modelCenter/getModelExampleDoc.json]}" onto public void ModelCenterController.getModelExample(javax.servlet.http.HttpServletResponse)
2019-09-29 09:36:43,603 [main] INFO  [o.s.w.s.m.m.a.RequestMappingHandlerMapping] Jdk14Logger.java:87 - Mapped "{[/modelCenter/getImages.json]}" onto public com.jd.common.utils.RestServiceResult<java.util.List<Model>> ModelCenterController.getImages(com.jd.common.vo.UserVO)
2019-09-29 09:36:43,604 [main] INFO  [o.s.w.s.m.m.a.RequestMappingHandlerMapping] Jdk14Logger.java:87 - Mapped "{[/modelCenter/rebuild.json]}" onto public com.jd.common.utils.RestServiceResult<java.lang.String> ModelCenterController.rebuild(java.lang.String)
2019-09-29 09:36:43,605 [main] INFO  [o.s.w.s.m.m.a.RequestMappingHandlerMapping] Jdk14Logger.java:87 - Mapped "{[/modelIndex/relationGraphics.json]}" onto public com.jd.common.utils.RestServiceResult<java.util.List<ModelService>> ModelIndexController.modelRelationGraphics(com.jd.common.vo.UserVO)
2019-09-29 09:36:43,606 [main] INFO  [o.s.w.s.m.m.a.RequestMappingHandlerMapping] Jdk14Logger.java:87 - Mapped "{[/modelIndex/status.json]}" onto public com.jd.common.utils.RestServiceResult<java.util.Map<java.lang.String, java.lang.Integer>> ModelIndexController.getStatistics(com.jd.common.vo.UserVO)
2019-09-29 09:36:43,607 [main] INFO  [o.s.w.s.m.m.a.RequestMappingHandlerMapping] Jdk14Logger.java:87 - Mapped "{[/modelSet/delete.json]}" onto public com.jd.common.utils.RestServiceResult<java.lang.Boolean> ModelSetController.delete(java.lang.String) throws java.io.IOException
2019-09-29 09:36:43,608 [main] INFO  [o.s.w.s.m.m.a.RequestMappingHandlerMapping] Jdk14Logger.java:87 - Mapped "{[/modelSet/getModelSetsList.json]}" onto public com.jd.common.utils.RestServiceResult<java.util.List<ModelSet>> ModelSetController.getModelSetsList(com.jd.common.vo.PageVO)
2019-09-29 09:36:43,609 [main] INFO  [o.s.w.s.m.m.a.RequestMappingHandlerMapping] Jdk14Logger.java:87 - Mapped "{[/modelSet/downloadModelZip.json]}" onto public void ModelSetController.downloadModelZip(javax.servlet.http.HttpServletResponse,java.lang.String)
2019-09-29 09:36:43,610 [main] INFO  [o.s.w.s.m.m.a.RequestMappingHandlerMapping] Jdk14Logger.java:87 - Mapped "{[/projects/add.json]}" onto public com.jd.common.utils.RestServiceResult<java.lang.Boolean> ProjectsController.add(com.jd.common.vo.UserVO,org.springframework.web.multipart.commons.CommonsMultipartFile)
2019-09-29 09:36:43,611 [main] INFO  [o.s.w.s.m.m.a.RequestMappingHandlerMapping] Jdk14Logger.java:87 - Mapped "{[/projects/build.json]}" onto public com.jd.common.utils.RestServiceResult<java.lang.Boolean> ProjectsController.build(java.lang.String)
2019-09-29 09:36:43,611 [main] INFO  [o.s.w.s.m.m.a.RequestMappingHandlerMapping] Jdk14Logger.java:87 - Mapped "{[/projects/detail.json]}" onto public com.jd.common.utils.RestServiceResult<Project> ProjectsController.getProjectsDetail(java.lang.String)
2019-09-29 09:36:43,613 [main] INFO  [o.s.w.s.m.m.a.RequestMappingHandlerMapping] Jdk14Logger.java:87 - Mapped "{[/projects/getSuccessfullyBuiltProjectsList.json]}" onto public com.jd.common.utils.RestServiceResult<java.util.List<Project>> ProjectsController.getSuccessfullyBuiltProjectsList()
2019-09-29 09:36:43,613 [main] INFO  [o.s.w.s.m.m.a.RequestMappingHandlerMapping] Jdk14Logger.java:87 - Mapped "{[/projects/getProjectsList.json]}" onto public com.jd.common.utils.RestServiceResult<com.baomidou.mybatisplus.extension.plugins.pagination.Page<Project>> ProjectsController.getProjectsList(com.jd.common.vo.PageVO,Project)
2019-09-29 09:36:43,614 [main] INFO  [o.s.w.s.m.m.a.RequestMappingHandlerMapping] Jdk14Logger.java:87 - Mapped "{[/projects/update.json]}" onto public com.jd.common.utils.RestServiceResult<java.lang.Boolean> ProjectsController.updateProject(Project)
2019-09-29 09:36:43,615 [main] INFO  [o.s.w.s.m.m.a.RequestMappingHandlerMapping] Jdk14Logger.java:87 - Mapped "{[/projects/del.json]}" onto public com.jd.common.utils.RestServiceResult<java.lang.Boolean> ProjectsController.deleteProject(java.lang.String) throws java.io.IOException
2019-09-29 09:36:43,616 [main] INFO  [o.s.w.s.m.m.a.RequestMappingHandlerMapping] Jdk14Logger.java:87 - Mapped "{[/projects/getProjectsYaml.json]}" onto public com.jd.common.utils.RestServiceResult<java.util.List<java.lang.String>> ProjectsController.getProjectsYaml(java.lang.String) throws java.io.IOException
2019-09-29 09:36:43,620 [main] INFO  [o.s.w.s.m.m.a.RequestMappingHandlerMapping] Jdk14Logger.java:87 - Mapped "{[/swagger-resources/configuration/ui]}" onto public org.springframework.http.ResponseEntity<springfox.documentation.swagger.web.UiConfiguration> springfox.documentation.swagger.web.ApiResourceController.uiConfiguration()
2019-09-29 09:36:43,621 [main] INFO  [o.s.w.s.m.m.a.RequestMappingHandlerMapping] Jdk14Logger.java:87 - Mapped "{[/swagger-resources]}" onto public org.springframework.http.ResponseEntity<java.util.List<springfox.documentation.swagger.web.SwaggerResource>> springfox.documentation.swagger.web.ApiResourceController.swaggerResources()
2019-09-29 09:36:43,622 [main] INFO  [o.s.w.s.m.m.a.RequestMappingHandlerMapping] Jdk14Logger.java:87 - Mapped "{[/swagger-resources/configuration/security]}" onto public org.springframework.http.ResponseEntity<springfox.documentation.swagger.web.SecurityConfiguration> springfox.documentation.swagger.web.ApiResourceController.securityConfiguration()
2019-09-29 09:36:43,625 [main] INFO  [o.s.w.s.m.m.a.RequestMappingHandlerMapping] Jdk14Logger.java:87 - Mapped "{[/error]}" onto public org.springframework.http.ResponseEntity<java.util.Map<java.lang.String, java.lang.Object>> org.springframework.boot.autoconfigure.web.servlet.error.BasicErrorController.error(javax.servlet.http.HttpServletRequest)
2019-09-29 09:36:43,626 [main] INFO  [o.s.w.s.m.m.a.RequestMappingHandlerMapping] Jdk14Logger.java:87 - Mapped "{[/error],produces=[text/html]}" onto public org.springframework.web.servlet.ModelAndView org.springframework.boot.autoconfigure.web.servlet.error.BasicErrorController.errorHtml(javax.servlet.http.HttpServletRequest,javax.servlet.http.HttpServletResponse)
2019-09-29 09:36:44,680 [main] INFO  [o.s.b.actuate.endpoint.web.EndpointLinksResolver] Jdk14Logger.java:87 - Exposing 2 endpoint(s) beneath base path '/actuator'
2019-09-29 09:36:44,705 [main] INFO  [o.s.b.a.e.web.servlet.WebMvcEndpointHandlerMapping] Jdk14Logger.java:87 - Mapped "{[/actuator/health],methods=[GET],produces=[application/vnd.spring-boot.actuator.v2+json || application/json]}" onto public java.lang.Object org.springframework.boot.actuate.endpoint.web.servlet.AbstractWebMvcEndpointHandlerMapping$OperationHandler.handle(javax.servlet.http.HttpServletRequest,java.util.Map<java.lang.String, java.lang.String>)
2019-09-29 09:36:44,707 [main] INFO  [o.s.b.a.e.web.servlet.WebMvcEndpointHandlerMapping] Jdk14Logger.java:87 - Mapped "{[/actuator/info],methods=[GET],produces=[application/vnd.spring-boot.actuator.v2+json || application/json]}" onto public java.lang.Object org.springframework.boot.actuate.endpoint.web.servlet.AbstractWebMvcEndpointHandlerMapping$OperationHandler.handle(javax.servlet.http.HttpServletRequest,java.util.Map<java.lang.String, java.lang.String>)
2019-09-29 09:36:44,708 [main] INFO  [o.s.b.a.e.web.servlet.WebMvcEndpointHandlerMapping] Jdk14Logger.java:87 - Mapped "{[/actuator],methods=[GET],produces=[application/vnd.spring-boot.actuator.v2+json || application/json]}" onto protected java.util.Map<java.lang.String, java.util.Map<java.lang.String, org.springframework.boot.actuate.endpoint.web.Link>> org.springframework.boot.actuate.endpoint.web.servlet.WebMvcEndpointHandlerMapping.links(javax.servlet.http.HttpServletRequest,javax.servlet.http.HttpServletResponse)
2019-09-29 09:36:45,062 [main] INFO  [s.d.s.w.PropertySourcedRequestMappingHandlerMapping] Jdk14Logger.java:87 - Mapped URL path [/v2/api-docs] onto method [public org.springframework.http.ResponseEntity<springfox.documentation.spring.web.json.Json> springfox.documentation.swagger2.web.Swagger2Controller.getDocumentation(java.lang.String,javax.servlet.http.HttpServletRequest)]
2019-09-29 09:36:45,440 [main] WARN  [o.s.c.netflix.archaius.ArchaiusAutoConfiguration] Jdk14Logger.java:87 - No spring.application.name found, defaulting to 'application'
2019-09-29 09:36:45,442 [main] WARN  [com.netflix.config.sources.URLConfigurationSource] URLConfigurationSource.java:121 - No URLs will be polled as dynamic configuration sources.
2019-09-29 09:36:45,442 [main] INFO  [com.netflix.config.sources.URLConfigurationSource] URLConfigurationSource.java:122 - To enable URLs as dynamic configuration sources, define System property archaius.configurationSource.additionalUrls or make config.properties available on classpath.
2019-09-29 09:36:45,628 [main] INFO  [o.s.web.servlet.handler.SimpleUrlHandlerMapping] Jdk14Logger.java:87 - Mapped URL path [/**/favicon.ico] onto handler of type [class org.springframework.web.servlet.resource.ResourceHttpRequestHandler]
2019-09-29 09:36:45,956 [main] INFO  [o.s.w.s.m.m.a.RequestMappingHandlerAdapter] Jdk14Logger.java:87 - Looking for @ControllerAdvice: org.springframework.web.context.support.GenericWebApplicationContext@7fe7c640: startup date [Sun Sep 29 09:36:35 CST 2019]; parent: org.springframework.context.annotation.AnnotationConfigApplicationContext@383dc82c
2019-09-29 09:36:46,077 [main] INFO  [o.s.web.servlet.handler.SimpleUrlHandlerMapping] Jdk14Logger.java:87 - Mapped URL path [/webjars/**] onto handler of type [class org.springframework.web.servlet.resource.ResourceHttpRequestHandler]
2019-09-29 09:36:46,077 [main] INFO  [o.s.web.servlet.handler.SimpleUrlHandlerMapping] Jdk14Logger.java:87 - Mapped URL path [/**] onto handler of type [class org.springframework.web.servlet.resource.ResourceHttpRequestHandler]
2019-09-29 09:36:46,105 [main] INFO  [o.s.w.s.m.m.a.ExceptionHandlerExceptionResolver] Jdk14Logger.java:87 - Detected @ExceptionHandler methods in globalExceptionHandler
2019-09-29 09:36:48,064 [main] INFO  [o.s.context.support.DefaultLifecycleProcessor] Jdk14Logger.java:87 - Starting beans in phase 2147483647
2019-09-29 09:36:48,065 [main] INFO  [s.d.s.web.plugins.DocumentationPluginsBootstrapper] DocumentationPluginsBootstrapper.java:151 - Context refreshed
2019-09-29 09:36:48,112 [main] INFO  [s.d.s.web.plugins.DocumentationPluginsBootstrapper] DocumentationPluginsBootstrapper.java:154 - Found 1 custom documentation plugin(s)
2019-09-29 09:36:48,161 [main] INFO  [s.d.spring.web.scanners.ApiListingReferenceScanner] ApiListingReferenceScanner.java:41 - Scanning for api listing references
2019-09-29 09:36:48,426 [main] INFO  [s.d.s.w.r.operation.CachingOperationNameGenerator] CachingOperationNameGenerator.java:40 - Generating unique operation named: addUsingGET_1
2019-09-29 09:36:48,428 [main] INFO  [s.d.s.w.r.operation.CachingOperationNameGenerator] CachingOperationNameGenerator.java:40 - Generating unique operation named: addUsingHEAD_1
2019-09-29 09:36:48,430 [main] INFO  [s.d.s.w.r.operation.CachingOperationNameGenerator] CachingOperationNameGenerator.java:40 - Generating unique operation named: addUsingPOST_1
2019-09-29 09:36:48,432 [main] INFO  [s.d.s.w.r.operation.CachingOperationNameGenerator] CachingOperationNameGenerator.java:40 - Generating unique operation named: addUsingPUT_1
2019-09-29 09:36:48,436 [main] INFO  [s.d.s.w.r.operation.CachingOperationNameGenerator] CachingOperationNameGenerator.java:40 - Generating unique operation named: addUsingPATCH_1
2019-09-29 09:36:48,438 [main] INFO  [s.d.s.w.r.operation.CachingOperationNameGenerator] CachingOperationNameGenerator.java:40 - Generating unique operation named: addUsingDELETE_1
2019-09-29 09:36:48,439 [main] INFO  [s.d.s.w.r.operation.CachingOperationNameGenerator] CachingOperationNameGenerator.java:40 - Generating unique operation named: addUsingOPTIONS_1
2019-09-29 09:36:48,441 [main] INFO  [s.d.s.w.r.operation.CachingOperationNameGenerator] CachingOperationNameGenerator.java:40 - Generating unique operation named: addUsingTRACE_1
2019-09-29 09:36:48,443 [main] INFO  [s.d.s.w.r.operation.CachingOperationNameGenerator] CachingOperationNameGenerator.java:40 - Generating unique operation named: deleteUsingGET_1
2019-09-29 09:36:48,445 [main] INFO  [s.d.s.w.r.operation.CachingOperationNameGenerator] CachingOperationNameGenerator.java:40 - Generating unique operation named: deleteUsingHEAD_1
2019-09-29 09:36:48,446 [main] INFO  [s.d.s.w.r.operation.CachingOperationNameGenerator] CachingOperationNameGenerator.java:40 - Generating unique operation named: deleteUsingPOST_1
2019-09-29 09:36:48,447 [main] INFO  [s.d.s.w.r.operation.CachingOperationNameGenerator] CachingOperationNameGenerator.java:40 - Generating unique operation named: deleteUsingPUT_1
2019-09-29 09:36:48,449 [main] INFO  [s.d.s.w.r.operation.CachingOperationNameGenerator] CachingOperationNameGenerator.java:40 - Generating unique operation named: deleteUsingPATCH_1
2019-09-29 09:36:48,451 [main] INFO  [s.d.s.w.r.operation.CachingOperationNameGenerator] CachingOperationNameGenerator.java:40 - Generating unique operation named: deleteUsingDELETE_1
2019-09-29 09:36:48,453 [main] INFO  [s.d.s.w.r.operation.CachingOperationNameGenerator] CachingOperationNameGenerator.java:40 - Generating unique operation named: deleteUsingOPTIONS_1
2019-09-29 09:36:48,454 [main] INFO  [s.d.s.w.r.operation.CachingOperationNameGenerator] CachingOperationNameGenerator.java:40 - Generating unique operation named: deleteUsingTRACE_1
2019-09-29 09:36:48,529 [main] INFO  [s.d.s.w.r.operation.CachingOperationNameGenerator] CachingOperationNameGenerator.java:40 - Generating unique operation named: deleteUsingGET_2
2019-09-29 09:36:48,530 [main] INFO  [s.d.s.w.r.operation.CachingOperationNameGenerator] CachingOperationNameGenerator.java:40 - Generating unique operation named: deleteUsingHEAD_2
2019-09-29 09:36:48,531 [main] INFO  [s.d.s.w.r.operation.CachingOperationNameGenerator] CachingOperationNameGenerator.java:40 - Generating unique operation named: deleteUsingPOST_2
2019-09-29 09:36:48,532 [main] INFO  [s.d.s.w.r.operation.CachingOperationNameGenerator] CachingOperationNameGenerator.java:40 - Generating unique operation named: deleteUsingPUT_2
2019-09-29 09:36:48,532 [main] INFO  [s.d.s.w.r.operation.CachingOperationNameGenerator] CachingOperationNameGenerator.java:40 - Generating unique operation named: deleteUsingPATCH_2
2019-09-29 09:36:48,534 [main] INFO  [s.d.s.w.r.operation.CachingOperationNameGenerator] CachingOperationNameGenerator.java:40 - Generating unique operation named: deleteUsingDELETE_2
2019-09-29 09:36:48,535 [main] INFO  [s.d.s.w.r.operation.CachingOperationNameGenerator] CachingOperationNameGenerator.java:40 - Generating unique operation named: deleteUsingOPTIONS_2
2019-09-29 09:36:48,536 [main] INFO  [s.d.s.w.r.operation.CachingOperationNameGenerator] CachingOperationNameGenerator.java:40 - Generating unique operation named: deleteUsingTRACE_2
2019-09-29 09:36:48,562 [main] INFO  [s.d.s.w.r.operation.CachingOperationNameGenerator] CachingOperationNameGenerator.java:40 - Generating unique operation named: indexUsingGET_1
2019-09-29 09:36:48,563 [main] INFO  [s.d.s.w.r.operation.CachingOperationNameGenerator] CachingOperationNameGenerator.java:40 - Generating unique operation named: indexUsingHEAD_1
2019-09-29 09:36:48,564 [main] INFO  [s.d.s.w.r.operation.CachingOperationNameGenerator] CachingOperationNameGenerator.java:40 - Generating unique operation named: indexUsingPOST_1
2019-09-29 09:36:48,565 [main] INFO  [s.d.s.w.r.operation.CachingOperationNameGenerator] CachingOperationNameGenerator.java:40 - Generating unique operation named: indexUsingPUT_1
2019-09-29 09:36:48,566 [main] INFO  [s.d.s.w.r.operation.CachingOperationNameGenerator] CachingOperationNameGenerator.java:40 - Generating unique operation named: indexUsingPATCH_1
2019-09-29 09:36:48,567 [main] INFO  [s.d.s.w.r.operation.CachingOperationNameGenerator] CachingOperationNameGenerator.java:40 - Generating unique operation named: indexUsingDELETE_1
2019-09-29 09:36:48,568 [main] INFO  [s.d.s.w.r.operation.CachingOperationNameGenerator] CachingOperationNameGenerator.java:40 - Generating unique operation named: indexUsingOPTIONS_1
2019-09-29 09:36:48,569 [main] INFO  [s.d.s.w.r.operation.CachingOperationNameGenerator] CachingOperationNameGenerator.java:40 - Generating unique operation named: indexUsingTRACE_1
2019-09-29 09:36:48,603 [main] INFO  [s.d.s.w.r.operation.CachingOperationNameGenerator] CachingOperationNameGenerator.java:40 - Generating unique operation named: deleteUsingGET_3
2019-09-29 09:36:48,604 [main] INFO  [s.d.s.w.r.operation.CachingOperationNameGenerator] CachingOperationNameGenerator.java:40 - Generating unique operation named: deleteUsingHEAD_3
2019-09-29 09:36:48,605 [main] INFO  [s.d.s.w.r.operation.CachingOperationNameGenerator] CachingOperationNameGenerator.java:40 - Generating unique operation named: deleteUsingPOST_3
2019-09-29 09:36:48,606 [main] INFO  [s.d.s.w.r.operation.CachingOperationNameGenerator] CachingOperationNameGenerator.java:40 - Generating unique operation named: deleteUsingPUT_3
2019-09-29 09:36:48,607 [main] INFO  [s.d.s.w.r.operation.CachingOperationNameGenerator] CachingOperationNameGenerator.java:40 - Generating unique operation named: deleteUsingPATCH_3
2019-09-29 09:36:48,608 [main] INFO  [s.d.s.w.r.operation.CachingOperationNameGenerator] CachingOperationNameGenerator.java:40 - Generating unique operation named: deleteUsingDELETE_3
2019-09-29 09:36:48,609 [main] INFO  [s.d.s.w.r.operation.CachingOperationNameGenerator] CachingOperationNameGenerator.java:40 - Generating unique operation named: deleteUsingOPTIONS_3
2019-09-29 09:36:48,610 [main] INFO  [s.d.s.w.r.operation.CachingOperationNameGenerator] CachingOperationNameGenerator.java:40 - Generating unique operation named: deleteUsingTRACE_3
2019-09-29 09:36:48,627 [main] INFO  [s.d.s.w.r.operation.CachingOperationNameGenerator] CachingOperationNameGenerator.java:40 - Generating unique operation named: addUsingGET_2
2019-09-29 09:36:48,640 [main] INFO  [s.d.s.w.r.operation.CachingOperationNameGenerator] CachingOperationNameGenerator.java:40 - Generating unique operation named: addUsingHEAD_2
2019-09-29 09:36:48,642 [main] INFO  [s.d.s.w.r.operation.CachingOperationNameGenerator] CachingOperationNameGenerator.java:40 - Generating unique operation named: addUsingPOST_2
2019-09-29 09:36:48,647 [main] INFO  [s.d.s.w.r.operation.CachingOperationNameGenerator] CachingOperationNameGenerator.java:40 - Generating unique operation named: addUsingPUT_2
2019-09-29 09:36:48,651 [main] INFO  [s.d.s.w.r.operation.CachingOperationNameGenerator] CachingOperationNameGenerator.java:40 - Generating unique operation named: addUsingPATCH_2
2019-09-29 09:36:48,652 [main] INFO  [s.d.s.w.r.operation.CachingOperationNameGenerator] CachingOperationNameGenerator.java:40 - Generating unique operation named: addUsingDELETE_2
2019-09-29 09:36:48,653 [main] INFO  [s.d.s.w.r.operation.CachingOperationNameGenerator] CachingOperationNameGenerator.java:40 - Generating unique operation named: addUsingOPTIONS_2
2019-09-29 09:36:48,654 [main] INFO  [s.d.s.w.r.operation.CachingOperationNameGenerator] CachingOperationNameGenerator.java:40 - Generating unique operation named: addUsingTRACE_2
2019-09-29 09:36:48,698 [main] INFO  [s.d.s.w.r.operation.CachingOperationNameGenerator] CachingOperationNameGenerator.java:40 - Generating unique operation named: getProjectsListUsingGET_1
2019-09-29 09:36:48,701 [main] INFO  [s.d.s.w.r.operation.CachingOperationNameGenerator] CachingOperationNameGenerator.java:40 - Generating unique operation named: getProjectsListUsingHEAD_1
2019-09-29 09:36:48,702 [main] INFO  [s.d.s.w.r.operation.CachingOperationNameGenerator] CachingOperationNameGenerator.java:40 - Generating unique operation named: getProjectsListUsingPOST_1
2019-09-29 09:36:48,704 [main] INFO  [s.d.s.w.r.operation.CachingOperationNameGenerator] CachingOperationNameGenerator.java:40 - Generating unique operation named: getProjectsListUsingPUT_1
2019-09-29 09:36:48,705 [main] INFO  [s.d.s.w.r.operation.CachingOperationNameGenerator] CachingOperationNameGenerator.java:40 - Generating unique operation named: getProjectsListUsingPATCH_1
2019-09-29 09:36:48,710 [main] INFO  [s.d.s.w.r.operation.CachingOperationNameGenerator] CachingOperationNameGenerator.java:40 - Generating unique operation named: getProjectsListUsingDELETE_1
2019-09-29 09:36:48,714 [main] INFO  [s.d.s.w.r.operation.CachingOperationNameGenerator] CachingOperationNameGenerator.java:40 - Generating unique operation named: getProjectsListUsingOPTIONS_1
2019-09-29 09:36:48,717 [main] INFO  [s.d.s.w.r.operation.CachingOperationNameGenerator] CachingOperationNameGenerator.java:40 - Generating unique operation named: getProjectsListUsingTRACE_1
2019-09-29 09:36:49,173 [ActiveMQ Task-1] INFO  [o.a.activemq.transport.failover.FailoverTransport] FailoverTransport.java:1052 - Successfully connected to tcp://10.10.136.232:61616
2019-09-29 09:36:49,207 [ActiveMQ Task-1] INFO  [o.a.activemq.transport.failover.FailoverTransport] FailoverTransport.java:1052 - Successfully connected to tcp://10.10.136.232:61616
2019-09-29 09:36:49,233 [ActiveMQ Task-1] INFO  [o.a.activemq.transport.failover.FailoverTransport] FailoverTransport.java:1052 - Successfully connected to tcp://10.10.136.232:61616
2019-09-29 09:36:49,245 [ActiveMQ Task-1] INFO  [o.a.activemq.transport.failover.FailoverTransport] FailoverTransport.java:1052 - Successfully connected to tcp://10.10.136.232:61616
2019-09-29 09:36:49,271 [main] INFO  [CreditDataModelApplicationTests] Jdk14Logger.java:87 - Started CreditDataModelApplicationTests in 17.123 seconds (JVM running for 20.121)
2019-09-29 09:36:50,525 [Thread-9] INFO  [com.zaxxer.hikari.HikariDataSource] HikariDataSource.java:381 - HikariPool-1 - Shutdown initiated...
2019-09-29 09:36:50,535 [Thread-9] INFO  [com.zaxxer.hikari.HikariDataSource] HikariDataSource.java:383 - HikariPool-1 - Shutdown completed.
